[debug] [2026-06-14T19:31:47.634Z] ----------------------------------------------------------------------
[debug] [2026-06-14T19:31:47.636Z] Command:       C:\Program Files\nodejs\node.exe C:\Users\Admin\AppData\Roaming\npm\node_modules\firebase-tools\lib\bin\firebase.js deploy --only hosting
[debug] [2026-06-14T19:31:47.636Z] CLI Version:   15.19.1
[debug] [2026-06-14T19:31:47.636Z] Platform:      win32
[debug] [2026-06-14T19:31:47.636Z] Node Version:  v22.22.3
[debug] [2026-06-14T19:31:47.637Z] Time:          Mon Jun 15 2026 01:01:47 GMT+0530 (India Standard Time)
[debug] [2026-06-14T19:31:47.637Z] ----------------------------------------------------------------------
[debug] 
[debug] [2026-06-14T19:31:49.614Z] Object "/hosting/rewrites/1" in "firebase.json" is missing required property: {"missingProperty":"glob"}
[debug] [2026-06-14T19:31:49.614Z] Object "/hosting/rewrites/1" in "firebase.json" is missing required property: {"missingProperty":"function"}
[debug] [2026-06-14T19:31:49.614Z] Object "/hosting/rewrites/1" in "firebase.json" is missing required property: {"missingProperty":"function"}
[debug] [2026-06-14T19:31:49.614Z] Object "/hosting/rewrites/1" in "firebase.json" is missing required property: {"missingProperty":"glob"}
[debug] [2026-06-14T19:31:49.614Z] Object "/hosting/rewrites/1" in "firebase.json" is missing required property: {"missingProperty":"dynamicLinks"}
[debug] [2026-06-14T19:31:49.615Z] Object "/hosting/rewrites/1" in "firebase.json" has unknown property: {"additionalProperty":"type"}
[debug] [2026-06-14T19:31:49.615Z] Object "/hosting/rewrites/1" in "firebase.json" is missing required property: {"missingProperty":"function"}
[debug] [2026-06-14T19:31:49.615Z] Object "/hosting/rewrites/1" in "firebase.json" is missing required property: {"missingProperty":"function"}
[debug] [2026-06-14T19:31:49.615Z] Object "/hosting/rewrites/1" in "firebase.json" is missing required property: {"missingProperty":"run"}
[debug] [2026-06-14T19:31:49.615Z] Object "/hosting/rewrites/1" in "firebase.json" is missing required property: {"missingProperty":"dynamicLinks"}
[debug] [2026-06-14T19:31:49.615Z] Object "/hosting/rewrites/1" in "firebase.json" is missing required property: {"missingProperty":"regex"}
[debug] [2026-06-14T19:31:49.615Z] Object "/hosting/rewrites/1" in "firebase.json" is missing required property: {"missingProperty":"function"}
[debug] [2026-06-14T19:31:49.615Z] Object "/hosting/rewrites/1" in "firebase.json" is missing required property: {"missingProperty":"function"}
[debug] [2026-06-14T19:31:49.615Z] Object "/hosting/rewrites/1" in "firebase.json" is missing required property: {"missingProperty":"regex"}
[debug] [2026-06-14T19:31:49.615Z] Object "/hosting/rewrites/1" in "firebase.json" is missing required property: {"missingProperty":"dynamicLinks"}
[debug] [2026-06-14T19:31:49.615Z] Field "/hosting/rewrites/1" in "firebase.json" is possibly invalid: must match a schema in anyOf
[debug] [2026-06-14T19:31:49.615Z] Field "/hosting" in "firebase.json" is possibly invalid: must be array
[debug] [2026-06-14T19:31:49.615Z] Field "/hosting" in "firebase.json" is possibly invalid: must match a schema in anyOf
[debug] [2026-06-14T19:31:49.618Z] > command requires scopes: ["email","openid","https://www.googleapis.com/auth/cloudplatformprojects.readonly","https://www.googleapis.com/auth/firebase","https://www.googleapis.com/auth/cloud-platform"]
[debug] [2026-06-14T19:31:49.619Z] > authorizing via signed-in user (ajrdigitalhub@gmail.com)
[debug] [2026-06-14T19:31:49.619Z] [iam] checking project ajrdigitalhubb for permissions ["firebase.projects.get","firebasehosting.sites.update"]
[debug] [2026-06-14T19:31:49.620Z] Checked if tokens are valid: true, expires at: 1781466460625
[debug] [2026-06-14T19:31:49.620Z] Checked if tokens are valid: true, expires at: 1781466460625
[debug] [2026-06-14T19:31:49.621Z] >>> [apiv2][query] POST https://cloudresourcemanager.googleapis.com/v1/projects/ajrdigitalhubb:testIamPermissions [none]
[debug] [2026-06-14T19:31:49.621Z] >>> [apiv2][(partial)header] POST https://cloudresourcemanager.googleapis.com/v1/projects/ajrdigitalhubb:testIamPermissions  x-goog-user-project=ajrdigitalhubb
[debug] [2026-06-14T19:31:49.621Z] >>> [apiv2][body] POST https://cloudresourcemanager.googleapis.com/v1/projects/ajrdigitalhubb:testIamPermissions {"permissions":["firebase.projects.get","firebasehosting.sites.update"]}
[debug] [2026-06-14T19:31:51.130Z] <<< [apiv2][status] POST https://cloudresourcemanager.googleapis.com/v1/projects/ajrdigitalhubb:testIamPermissions 403
[debug] [2026-06-14T19:31:51.130Z] <<< [apiv2][body] POST https://cloudresourcemanager.googleapis.com/v1/projects/ajrdigitalhubb:testIamPermissions {"error":{"code":403,"message":"Caller does not have required permission to use project ajrdigitalhubb. Grant the caller the roles/serviceusage.serviceUsageConsumer role, or a custom role with the serviceusage.services.use permission, by visiting https://console.developers.google.com/iam-admin/iam?project=ajrdigitalhubb and then retry. Propagation of the new permission may take a few minutes.","status":"PERMISSION_DENIED","details":[{"@type":"type.googleapis.com/google.rpc.ErrorInfo","reason":"USER_PROJECT_DENIED","domain":"googleapis.com","metadata":{"consumer":"projects/ajrdigitalhubb","containerInfo":"ajrdigitalhubb","service":"cloudresourcemanager.googleapis.com","consoleUrl":"https://console.developers.google.com/iam-admin/iam?project=ajrdigitalhubb"}},{"@type":"type.googleapis.com/google.rpc.LocalizedMessage","locale":"en-US","message":"Caller does not have required permission to use project ajrdigitalhubb. Grant the caller the roles/serviceusage.serviceUsageConsumer role, or a custom role with the serviceusage.services.use permission, by visiting https://console.developers.google.com/iam-admin/iam?project=ajrdigitalhubb and then retry. Propagation of the new permission may take a few minutes."},{"@type":"type.googleapis.com/google.rpc.Help","links":[{"description":"Google developer console IAM admin","url":"https://console.developers.google.com/iam-admin/iam?project=ajrdigitalhubb"}]}]}}
[debug] [2026-06-14T19:31:51.130Z] [iam] error while checking permissions, command may fail: Request to https://cloudresourcemanager.googleapis.com/v1/projects/ajrdigitalhubb:testIamPermissions had HTTP Error: 403, Caller does not have required permission to use project ajrdigitalhubb. Grant the caller the roles/serviceusage.serviceUsageConsumer role, or a custom role with the serviceusage.services.use permission, by visiting https://console.developers.google.com/iam-admin/iam?project=ajrdigitalhubb and then retry. Propagation of the new permission may take a few minutes.
[debug] [2026-06-14T19:31:51.130Z] Checked if tokens are valid: true, expires at: 1781466460625
[debug] [2026-06-14T19:31:51.130Z] Checked if tokens are valid: true, expires at: 1781466460625
[debug] [2026-06-14T19:31:51.131Z] >>> [apiv2][query] GET https://firebase.googleapis.com/v1beta1/projects/ajrdigitalhubb [none]
[debug] [2026-06-14T19:31:51.927Z] <<< [apiv2][status] GET https://firebase.googleapis.com/v1beta1/projects/ajrdigitalhubb 403
[debug] [2026-06-14T19:31:51.927Z] <<< [apiv2][body] GET https://firebase.googleapis.com/v1beta1/projects/ajrdigitalhubb {"error":{"code":403,"message":"The caller does not have permission","status":"PERMISSION_DENIED"}}
[debug] [2026-06-14T19:31:51.928Z] Request to https://firebase.googleapis.com/v1beta1/projects/ajrdigitalhubb had HTTP Error: 403, The caller does not have permission
[debug] [2026-06-14T19:31:52.177Z] FirebaseError: Request to https://firebase.googleapis.com/v1beta1/projects/ajrdigitalhubb had HTTP Error: 403, The caller does not have permission
    at responseToError (C:\Users\Admin\AppData\Roaming\npm\node_modules\firebase-tools\lib\responseToError.js:53:12)
    at RetryOperation._fn (C:\Users\Admin\AppData\Roaming\npm\node_modules\firebase-tools\lib\apiv2.js:333:77)
    at process.processTicksAndRejections (node:internal/process/task_queues:103:5)
[error] 
[error] Error: Failed to get Firebase project ajrdigitalhubb. Please make sure the project exists and your account has permission to access it.
[debug] [2026-06-19T11:52:17.742Z] ----------------------------------------------------------------------
[debug] [2026-06-19T11:52:17.745Z] Command:       C:\Program Files\nodejs\node.exe C:\Users\Admin\AppData\Roaming\npm\node_modules\firebase-tools\lib\bin\firebase.js deploy --only functions
[debug] [2026-06-19T11:52:17.746Z] CLI Version:   15.19.1
[debug] [2026-06-19T11:52:17.746Z] Platform:      win32
[debug] [2026-06-19T11:52:17.746Z] Node Version:  v22.22.3
[debug] [2026-06-19T11:52:17.746Z] Time:          Fri Jun 19 2026 17:22:17 GMT+0530 (India Standard Time)
[debug] [2026-06-19T11:52:17.746Z] ----------------------------------------------------------------------
[debug] 
[debug] [2026-06-19T11:52:19.425Z] Object "/hosting/rewrites/1" in "firebase.json" is missing required property: {"missingProperty":"glob"}
[debug] [2026-06-19T11:52:19.426Z] Object "/hosting/rewrites/1" in "firebase.json" is missing required property: {"missingProperty":"function"}
[debug] [2026-06-19T11:52:19.426Z] Object "/hosting/rewrites/1" in "firebase.json" is missing required property: {"missingProperty":"function"}
[debug] [2026-06-19T11:52:19.426Z] Object "/hosting/rewrites/1" in "firebase.json" is missing required property: {"missingProperty":"glob"}
[debug] [2026-06-19T11:52:19.426Z] Object "/hosting/rewrites/1" in "firebase.json" is missing required property: {"missingProperty":"dynamicLinks"}
[debug] [2026-06-19T11:52:19.426Z] Object "/hosting/rewrites/1" in "firebase.json" has unknown property: {"additionalProperty":"type"}
[debug] [2026-06-19T11:52:19.426Z] Object "/hosting/rewrites/1" in "firebase.json" is missing required property: {"missingProperty":"function"}
[debug] [2026-06-19T11:52:19.426Z] Object "/hosting/rewrites/1" in "firebase.json" is missing required property: {"missingProperty":"function"}
[debug] [2026-06-19T11:52:19.426Z] Object "/hosting/rewrites/1" in "firebase.json" is missing required property: {"missingProperty":"run"}
[debug] [2026-06-19T11:52:19.426Z] Object "/hosting/rewrites/1" in "firebase.json" is missing required property: {"missingProperty":"dynamicLinks"}
[debug] [2026-06-19T11:52:19.426Z] Object "/hosting/rewrites/1" in "firebase.json" is missing required property: {"missingProperty":"regex"}
[debug] [2026-06-19T11:52:19.426Z] Object "/hosting/rewrites/1" in "firebase.json" is missing required property: {"missingProperty":"function"}
[debug] [2026-06-19T11:52:19.426Z] Object "/hosting/rewrites/1" in "firebase.json" is missing required property: {"missingProperty":"function"}
[debug] [2026-06-19T11:52:19.426Z] Object "/hosting/rewrites/1" in "firebase.json" is missing required property: {"missingProperty":"regex"}
[debug] [2026-06-19T11:52:19.426Z] Object "/hosting/rewrites/1" in "firebase.json" is missing required property: {"missingProperty":"dynamicLinks"}
[debug] [2026-06-19T11:52:19.426Z] Field "/hosting/rewrites/1" in "firebase.json" is possibly invalid: must match a schema in anyOf
[debug] [2026-06-19T11:52:19.426Z] Field "/hosting" in "firebase.json" is possibly invalid: must be array
[debug] [2026-06-19T11:52:19.426Z] Field "/hosting" in "firebase.json" is possibly invalid: must match a schema in anyOf
[debug] [2026-06-19T11:52:19.430Z] > command requires scopes: ["email","openid","https://www.googleapis.com/auth/cloudplatformprojects.readonly","https://www.googleapis.com/auth/firebase","https://www.googleapis.com/auth/cloud-platform"]
[debug] [2026-06-19T11:52:19.430Z] > authorizing via signed-in user (ajrdigitalhub@gmail.com)
[debug] [2026-06-19T11:52:19.430Z] [iam] checking project ajrdigitalhubb for permissions ["cloudfunctions.functions.create","cloudfunctions.functions.delete","cloudfunctions.functions.get","cloudfunctions.functions.list","cloudfunctions.functions.update","cloudfunctions.operations.get","firebase.projects.get"]
[debug] [2026-06-19T11:52:19.431Z] Checked if tokens are valid: false, expires at: 1781868230706
[debug] [2026-06-19T11:52:19.431Z] Checked if tokens are valid: false, expires at: 1781868230706
[debug] [2026-06-19T11:52:19.431Z] > refreshing access token with scopes: []
[debug] [2026-06-19T11:52:19.433Z] >>> [apiv2][query] POST https://www.googleapis.com/oauth2/v3/token [none]
[debug] [2026-06-19T11:52:19.433Z] >>> [apiv2][body] POST https://www.googleapis.com/oauth2/v3/token [omitted]
[debug] [2026-06-19T11:52:58.966Z] *** [apiv2] error from fetch(https://www.googleapis.com/oauth2/v3/token, {"headers":{},"method":"POST","body":{"_overheadLength":545,"_valueLength":212,"_valuesToMeasure":[],"writable":false,"readable":true,"dataSize":0,"maxDataSize":2097152,"pauseStreams":true,"_released":true,"_streams":[],"_currentStream":null,"_insideLoop":false,"_pendingNext":false,"_boundary":"--------------------------371700b7bea8ed3d55f16642","_events":{},"_eventsCount":1}}): FetchError: request to https://www.googleapis.com/oauth2/v3/token failed, reason: read ECONNRESET
[error] Authentication Error: Your credentials are no longer valid. Please run firebase login --reauth

For CI servers and headless environments, generate a new token with firebase login:ci
[debug] [2026-06-19T11:52:58.966Z] [iam] error while checking permissions, command may fail: Authentication Error: Your credentials are no longer valid. Please run firebase login --reauth

For CI servers and headless environments, generate a new token with firebase login:ci
[debug] [2026-06-19T11:52:58.967Z] Checked if tokens are valid: false, expires at: 1781868230706
[debug] [2026-06-19T11:52:58.967Z] Checked if tokens are valid: false, expires at: 1781868230706
[debug] [2026-06-19T11:52:58.967Z] > refreshing access token with scopes: []
[debug] [2026-06-19T11:52:58.967Z] >>> [apiv2][query] POST https://www.googleapis.com/oauth2/v3/token [none]
[debug] [2026-06-19T11:52:58.967Z] >>> [apiv2][body] POST https://www.googleapis.com/oauth2/v3/token [omitted]
[debug] [2026-06-19T11:53:15.882Z] *** [apiv2] error from fetch(https://www.googleapis.com/oauth2/v3/token, {"headers":{},"method":"POST","body":{"_overheadLength":545,"_valueLength":212,"_valuesToMeasure":[],"writable":false,"readable":true,"dataSize":0,"maxDataSize":2097152,"pauseStreams":true,"_released":true,"_streams":[],"_currentStream":null,"_insideLoop":false,"_pendingNext":false,"_boundary":"--------------------------27c5f82f179a215234ba9d11","_events":{},"_eventsCount":1}}): FetchError: request to https://www.googleapis.com/oauth2/v3/token failed, reason: Client network socket disconnected before secure TLS connection was established
[error] Authentication Error: Your credentials are no longer valid. Please run firebase login --reauth

For CI servers and headless environments, generate a new token with firebase login:ci
[debug] [2026-06-19T11:53:15.882Z] [functions] service account IAM check errored, deploy may fail: Authentication Error: Your credentials are no longer valid. Please run firebase login --reauth

For CI servers and headless environments, generate a new token with firebase login:ci {"name":"FirebaseError","children":[],"exit":1,"message":"Authentication Error: Your credentials are no longer valid. Please run \u001b[1mfirebase login --reauth\u001b[22m\n\nFor CI servers and headless environments, generate a new token with \u001b[1mfirebase login:ci\u001b[22m","status":500}
[info] 
[info] === Deploying to 'ajrdigitalhubb'...
[info] 
[info] i  deploying functions 
[debug] [2026-06-19T11:53:15.885Z] Checked if tokens are valid: false, expires at: 1781868230706
[debug] [2026-06-19T11:53:15.885Z] Checked if tokens are valid: false, expires at: 1781868230706
[debug] [2026-06-19T11:53:15.885Z] > refreshing access token with scopes: []
[debug] [2026-06-19T11:53:15.885Z] >>> [apiv2][query] POST https://www.googleapis.com/oauth2/v3/token [none]
[debug] [2026-06-19T11:53:15.885Z] >>> [apiv2][body] POST https://www.googleapis.com/oauth2/v3/token [omitted]
[debug] [2026-06-19T11:53:29.588Z] <<< [apiv2][status] POST https://www.googleapis.com/oauth2/v3/token 200
[debug] [2026-06-19T11:53:29.589Z] <<< [apiv2][body] POST https://www.googleapis.com/oauth2/v3/token [omitted]
[debug] [2026-06-19T11:53:29.595Z] >>> [apiv2][query] GET https://serviceusage.googleapis.com/v1/projects/ajrdigitalhubb/services/cloudresourcemanager.googleapis.com [none]
[debug] [2026-06-19T11:53:29.595Z] >>> [apiv2][(partial)header] GET https://serviceusage.googleapis.com/v1/projects/ajrdigitalhubb/services/cloudresourcemanager.googleapis.com  x-goog-user-project=ajrdigitalhubb
[debug] [2026-06-19T11:53:39.081Z] <<< [apiv2][status] GET https://serviceusage.googleapis.com/v1/projects/ajrdigitalhubb/services/cloudresourcemanager.googleapis.com 403
[debug] [2026-06-19T11:53:39.081Z] <<< [apiv2][body] GET https://serviceusage.googleapis.com/v1/projects/ajrdigitalhubb/services/cloudresourcemanager.googleapis.com [omitted]
[debug] [2026-06-19T11:53:39.081Z] Unable to check that https://cloudresourcemanager.googleapis.com is enabled on ajrdigitalhubb. Calls to it will fail if it is not enabled
[debug] [2026-06-19T11:53:39.082Z] Checked if tokens are valid: true, expires at: 1781873608589
[debug] [2026-06-19T11:53:39.082Z] Checked if tokens are valid: true, expires at: 1781873608589
[debug] [2026-06-19T11:53:39.082Z] >>> [apiv2][query] GET https://cloudresourcemanager.googleapis.com/v1/projects/ajrdigitalhubb [none]
[debug] [2026-06-19T11:53:50.950Z] *** [apiv2] error from fetch(https://cloudresourcemanager.googleapis.com/v1/projects/ajrdigitalhubb, {"headers":{},"method":"GET"}): FetchError: request to https://cloudresourcemanager.googleapis.com/v1/projects/ajrdigitalhubb failed, reason: getaddrinfo ENOTFOUND cloudresourcemanager.googleapis.com
[debug] [2026-06-19T11:53:55.963Z] Error: Timed out.
    at Timeout._onTimeout (C:\Users\Admin\AppData\Roaming\npm\node_modules\firebase-tools\lib\utils.js:310:49)
    at listOnTimeout (node:internal/timers:585:17)
    at process.processTimers (node:internal/timers:521:7)
[error] 
[error] Error: An unexpected error has occurred.
